Using pre-set license
Built from '2020.3/staging' branch; Version is '2020.3.17f1 (a4537701e4ab) revision 10769271'; Using compiler version '192528614'; Build Type 'Release'
OS: 'Windows 10 Home; OS build 19043.1889; Version 2009; 64bit' Language: 'ko' Physical Memory: 16173 MB
BatchMode: 1, IsHumanControllingUs: 0, StartBugReporterOnCrash: 0, Is64bit: 1, IsPro: 0

COMMAND LINE ARGUMENTS:
C:\Program Files\Unity Eddit\2020.3.17f1\Editor\2020.3.17f1\Editor\Unity.exe
-adb2
-batchMode
-noUpm
-name
AssetImportWorker0
-projectPath
D:/1028/unity-1028/1028
-logFile
Logs/AssetImportWorker0.log
-srvPort
54488
Successfully changed project path to: D:/1028/unity-1028/1028
D:/1028/unity-1028/1028
Using Asset Import Pipeline V2.
Refreshing native plugins compatible for Editor in 32.18 ms, found 2 plugins.
Preloading 0 native plugins for Editor in 0.00 ms.
Initialize engine version: 2020.3.17f1 (a4537701e4ab)
[Subsystems] Discovering subsystems at path C:/Program Files/Unity Eddit/2020.3.17f1/Editor/2020.3.17f1/Editor/Data/Resources/UnitySubsystems
[Subsystems] Discovering subsystems at path D:/1028/unity-1028/1028/Assets
GfxDevice: creating device client; threaded=0
Direct3D:
    Version:  Direct3D 11.0 [level 11.1]
    Renderer: NVIDIA GeForce RTX 3060 Laptop GPU (ID=0x2520)
    Vendor:   
    VRAM:     6023 MB
    Driver:   30.0.15.1181
Initialize mono
Mono path[0] = 'C:/Program Files/Unity Eddit/2020.3.17f1/Editor/2020.3.17f1/Editor/Data/Managed'
Mono path[1] = 'C:/Program Files/Unity Eddit/2020.3.17f1/Editor/2020.3.17f1/Editor/Data/MonoBleedingEdge/lib/mono/unityjit'
Mono config path = 'C:/Program Files/Unity Eddit/2020.3.17f1/Editor/2020.3.17f1/Editor/Data/MonoBleedingEdge/etc'
Using monoOptions --debugger-agent=transport=dt_socket,embedding=1,server=y,suspend=n,address=127.0.0.1:56200
Begin MonoManager ReloadAssembly
Registering precompiled unity dll's ...
Register platform support module: C:/Program Files/Unity Eddit/2020.3.17f1/Editor/2020.3.17f1/Editor/Data/PlaybackEngines/WebGLSupport/UnityEditor.WebGL.Extensions.dll
Register platform support module: C:/Program Files/Unity Eddit/2020.3.17f1/Editor/2020.3.17f1/Editor/Data/PlaybackEngines/WindowsStandaloneSupport/UnityEditor.WindowsStandalone.Extensions.dll
Registered in 0.002576 seconds.
Native extension for WindowsStandalone target not found
Native extension for WebGL target not found
Refreshing native plugins compatible for Editor in 32.13 ms, found 2 plugins.
Preloading 0 native plugins for Editor in 0.00 ms.
Mono: successfully reloaded assembly
- Completed reload, in  1.798 seconds
Domain Reload Profiling:
	ReloadAssembly (1799ms)
		BeginReloadAssembly (49ms)
			ExecutionOrderSort (0ms)
			DisableScriptedObjects (0ms)
			BackupInstance (0ms)
			ReleaseScriptingObjects (0ms)
			CreateAndSetChildDomain (1ms)
		EndReloadAssembly (367ms)
			LoadAssemblies (46ms)
			RebuildTransferFunctionScriptingTraits (0ms)
			SetupTypeCache (134ms)
			ReleaseScriptCaches (0ms)
			RebuildScriptCaches (27ms)
			SetupLoadedEditorAssemblies (141ms)
				LogAssemblyErrors (0ms)
				InitializePlatformSupportModulesInManaged (4ms)
				SetLoadedEditorAssemblies (0ms)
				RefreshPlugins (32ms)
				BeforeProcessingInitializeOnLoad (15ms)
				ProcessInitializeOnLoadAttributes (66ms)
				ProcessInitializeOnLoadMethodAttributes (24ms)
				AfterProcessingInitializeOnLoad (0ms)
				EditorAssembliesLoaded (0ms)
			ExecutionOrderSort2 (0ms)
			AwakeInstancesAfterBackupRestoration (0ms)
Platform modules already initialized, skipping
Registering precompiled user dll's ...
Registered in 0.002813 seconds.
Begin MonoManager ReloadAssembly
Native extension for WindowsStandalone target not found
Native extension for WebGL target not found
Refreshing native plugins compatible for Editor in 32.84 ms, found 2 plugins.
Preloading 0 native plugins for Editor in 0.00 ms.
Mono: successfully reloaded assembly
- Completed reload, in  1.118 seconds
Domain Reload Profiling:
	ReloadAssembly (1119ms)
		BeginReloadAssembly (126ms)
			ExecutionOrderSort (0ms)
			DisableScriptedObjects (4ms)
			BackupInstance (0ms)
			ReleaseScriptingObjects (0ms)
			CreateAndSetChildDomain (15ms)
		EndReloadAssembly (939ms)
			LoadAssemblies (75ms)
			RebuildTransferFunctionScriptingTraits (0ms)
			SetupTypeCache (261ms)
			ReleaseScriptCaches (0ms)
			RebuildScriptCaches (43ms)
			SetupLoadedEditorAssemblies (447ms)
				LogAssemblyErrors (0ms)
				InitializePlatformSupportModulesInManaged (4ms)
				SetLoadedEditorAssemblies (0ms)
				RefreshPlugins (33ms)
				BeforeProcessingInitializeOnLoad (65ms)
				ProcessInitializeOnLoadAttributes (325ms)
				ProcessInitializeOnLoadMethodAttributes (13ms)
				AfterProcessingInitializeOnLoad (7ms)
				EditorAssembliesLoaded (0ms)
			ExecutionOrderSort2 (0ms)
			AwakeInstancesAfterBackupRestoration (6ms)
Platform modules already initialized, skipping
========================================================================
Worker process is ready to serve import requests
Launched and connected shader compiler UnityShaderCompiler.exe after 0.04 seconds
Refreshing native plugins compatible for Editor in 0.37 ms, found 2 plugins.
Preloading 0 native plugins for Editor in 0.00 ms.
Unloading 1884 Unused Serialized files (Serialized files now loaded: 0)
System memory in use before: 92.2 MB.
System memory in use after: 92.1 MB.

Unloading 22 unused Assets to reduce memory usage. Loaded Objects now: 2320.
Total: 3.226200 ms (FindLiveObjects: 0.173100 ms CreateObjectMapping: 0.071200 ms MarkObjects: 2.910600 ms  DeleteObjects: 0.070300 ms)

AssetImportParameters requested are different than current active one (requested -> active):
  custom:framework-win-MediaFoundation: 216162199b28c13a410421893ffa2e32 -> 
  custom:video-decoder-ogg-theora: a1e56fd34408186e4bbccfd4996cb3dc -> 
  custom:container-muxer-webm: aa71ff27fc2769a1b78a27578f13a17b -> 
  custom:container-demuxer-webm: 4f35f7cbe854078d1ac9338744f61a02 -> 
  custom:container-demuxer-ogg: 62fdf1f143b41e24485cea50d1cbac27 -> 
  custom:video-encoder-webm-vp8: eb34c28f22e8b96e1ab97ce403110664 -> 
  custom:video-decoder-webm-vp8: 9c59270c3fd7afecdb556c50c9e8de78 -> 
  custom:audio-decoder-ogg-vorbis: bf7c407c2cedff20999df2af8eb42d56 -> 
  custom:audio-encoder-webm-vorbis: bf7c407c2cedff20999df2af8eb42d56 -> 
========================================================================
Received Import Request.
  path: Assets/3D/Prefab/Map
  artifactKey: Guid(03d09f0d7622b3849a216a742684b335) Importer(815301076,1909f56bfc062723c751e8b465ee728b)
Start importing Assets/3D/Prefab/Map using Guid(03d09f0d7622b3849a216a742684b335) Importer(815301076,1909f56bfc062723c751e8b465ee728b)  -> (artifact id: 'd5512f793b525efe71cd6454d9ce86f0') in 0.007013 seconds 
  Import took 0.009615 seconds .

========================================================================
Received Import Request.
  Time since last request: 2.217750 seconds.
  path: Assets/3D/Prefab/1f.fbx
  artifactKey: Guid(342af7d74b9c5924a8136cc1d9feaf78) Importer(815301076,1909f56bfc062723c751e8b465ee728b)
Start importing Assets/3D/Prefab/1f.fbx using Guid(342af7d74b9c5924a8136cc1d9feaf78) Importer(815301076,1909f56bfc062723c751e8b465ee728b)  -> (artifact id: 'ba34d9189f800d688cbca182ffa3cc22') in 0.715087 seconds 
  Import took 0.718791 seconds .

========================================================================
Received Import Request.
  Time since last request: 9.255240 seconds.
  path: Assets/3D/Prefab/2f.fbx
  artifactKey: Guid(167fbff2d7b20b04d83e99d0ff41a7b5) Importer(815301076,1909f56bfc062723c751e8b465ee728b)
Start importing Assets/3D/Prefab/2f.fbx using Guid(167fbff2d7b20b04d83e99d0ff41a7b5) Importer(815301076,1909f56bfc062723c751e8b465ee728b)  -> (artifact id: '21711da2644992e85349de17d4766889') in 0.272295 seconds 
  Import took 0.275458 seconds .

========================================================================
Received Import Request.
  Time since last request: 6.287127 seconds.
  path: Assets/3D/Prefab/3f.fbx
  artifactKey: Guid(99eb862ecadd0a043bdd336543ea7b19) Importer(815301076,1909f56bfc062723c751e8b465ee728b)
Start importing Assets/3D/Prefab/3f.fbx using Guid(99eb862ecadd0a043bdd336543ea7b19) Importer(815301076,1909f56bfc062723c751e8b465ee728b)  -> (artifact id: '14f8194f2c91bd2a102afcdbd7f651e7') in 0.120609 seconds 
  Import took 0.124083 seconds .

AssetImportWorkerClient::OnTransportError - code=2 error=End of file
