Using pre-set license
Built from '2020.3/staging' branch; Version is '2020.3.17f1 (a4537701e4ab) revision 10769271'; Using compiler version '192528614'; Build Type 'Release'
OS: 'Windows 10 Home; OS build 19043.1889; Version 2009; 64bit' Language: 'ko' Physical Memory: 16173 MB
BatchMode: 1, IsHumanControllingUs: 0, StartBugReporterOnCrash: 0, Is64bit: 1, IsPro: 0

COMMAND LINE ARGUMENTS:
C:\Program Files\Unity Eddit\2020.3.17f1\Editor\2020.3.17f1\Editor\Unity.exe
-adb2
-batchMode
-noUpm
-name
AssetImportWorker11
-projectPath
D:/1028/unity-1028/1028
-logFile
Logs/AssetImportWorker11.log
-srvPort
49944
Successfully changed project path to: D:/1028/unity-1028/1028
D:/1028/unity-1028/1028
Using Asset Import Pipeline V2.
Refreshing native plugins compatible for Editor in 209.85 ms, found 2 plugins.
Preloading 0 native plugins for Editor in 0.00 ms.
Initialize engine version: 2020.3.17f1 (a4537701e4ab)
[Subsystems] Discovering subsystems at path C:/Program Files/Unity Eddit/2020.3.17f1/Editor/2020.3.17f1/Editor/Data/Resources/UnitySubsystems
[Subsystems] Discovering subsystems at path D:/1028/unity-1028/1028/Assets
GfxDevice: creating device client; threaded=0
Direct3D:
    Version:  Direct3D 11.0 [level 11.1]
    Renderer: NVIDIA GeForce RTX 3060 Laptop GPU (ID=0x2520)
    Vendor:   
    VRAM:     6023 MB
    Driver:   30.0.15.1181
Initialize mono
Mono path[0] = 'C:/Program Files/Unity Eddit/2020.3.17f1/Editor/2020.3.17f1/Editor/Data/Managed'
Mono path[1] = 'C:/Program Files/Unity Eddit/2020.3.17f1/Editor/2020.3.17f1/Editor/Data/MonoBleedingEdge/lib/mono/unityjit'
Mono config path = 'C:/Program Files/Unity Eddit/2020.3.17f1/Editor/2020.3.17f1/Editor/Data/MonoBleedingEdge/etc'
Using monoOptions --debugger-agent=transport=dt_socket,embedding=1,server=y,suspend=n,address=127.0.0.1:56432
Begin MonoManager ReloadAssembly
Registering precompiled unity dll's ...
Register platform support module: C:/Program Files/Unity Eddit/2020.3.17f1/Editor/2020.3.17f1/Editor/Data/PlaybackEngines/WebGLSupport/UnityEditor.WebGL.Extensions.dll
Register platform support module: C:/Program Files/Unity Eddit/2020.3.17f1/Editor/2020.3.17f1/Editor/Data/PlaybackEngines/WindowsStandaloneSupport/UnityEditor.WindowsStandalone.Extensions.dll
Registered in 0.004174 seconds.
Native extension for WindowsStandalone target not found
Native extension for WebGL target not found
Refreshing native plugins compatible for Editor in 42.55 ms, found 2 plugins.
Preloading 0 native plugins for Editor in 0.00 ms.
Mono: successfully reloaded assembly
- Completed reload, in  2.866 seconds
Domain Reload Profiling:
	ReloadAssembly (2866ms)
		BeginReloadAssembly (49ms)
			ExecutionOrderSort (0ms)
			DisableScriptedObjects (0ms)
			BackupInstance (0ms)
			ReleaseScriptingObjects (0ms)
			CreateAndSetChildDomain (1ms)
		EndReloadAssembly (465ms)
			LoadAssemblies (47ms)
			RebuildTransferFunctionScriptingTraits (0ms)
			SetupTypeCache (132ms)
			ReleaseScriptCaches (0ms)
			RebuildScriptCaches (26ms)
			SetupLoadedEditorAssemblies (243ms)
				LogAssemblyErrors (0ms)
				InitializePlatformSupportModulesInManaged (4ms)
				SetLoadedEditorAssemblies (0ms)
				RefreshPlugins (43ms)
				BeforeProcessingInitializeOnLoad (15ms)
				ProcessInitializeOnLoadAttributes (70ms)
				ProcessInitializeOnLoadMethodAttributes (109ms)
				AfterProcessingInitializeOnLoad (0ms)
				EditorAssembliesLoaded (0ms)
			ExecutionOrderSort2 (0ms)
			AwakeInstancesAfterBackupRestoration (0ms)
Platform modules already initialized, skipping
Registering precompiled user dll's ...
Registered in 0.137218 seconds.
Begin MonoManager ReloadAssembly
Native extension for WindowsStandalone target not found
Native extension for WebGL target not found
Refreshing native plugins compatible for Editor in 160.49 ms, found 2 plugins.
Preloading 0 native plugins for Editor in 0.00 ms.
Mono: successfully reloaded assembly
- Completed reload, in  4.444 seconds
Domain Reload Profiling:
	ReloadAssembly (4453ms)
		BeginReloadAssembly (133ms)
			ExecutionOrderSort (0ms)
			DisableScriptedObjects (4ms)
			BackupInstance (0ms)
			ReleaseScriptingObjects (0ms)
			CreateAndSetChildDomain (18ms)
		EndReloadAssembly (4206ms)
			LoadAssemblies (2668ms)
			RebuildTransferFunctionScriptingTraits (0ms)
			SetupTypeCache (567ms)
			ReleaseScriptCaches (0ms)
			RebuildScriptCaches (56ms)
			SetupLoadedEditorAssemblies (747ms)
				LogAssemblyErrors (0ms)
				InitializePlatformSupportModulesInManaged (4ms)
				SetLoadedEditorAssemblies (0ms)
				RefreshPlugins (161ms)
				BeforeProcessingInitializeOnLoad (132ms)
				ProcessInitializeOnLoadAttributes (435ms)
				ProcessInitializeOnLoadMethodAttributes (5ms)
				AfterProcessingInitializeOnLoad (9ms)
				EditorAssembliesLoaded (0ms)
			ExecutionOrderSort2 (0ms)
			AwakeInstancesAfterBackupRestoration (10ms)
Platform modules already initialized, skipping
========================================================================
Worker process is ready to serve import requests
Launched and connected shader compiler UnityShaderCompiler.exe after 0.19 seconds
Refreshing native plugins compatible for Editor in 3.37 ms, found 2 plugins.
Preloading 0 native plugins for Editor in 0.00 ms.
Unloading 2670 Unused Serialized files (Serialized files now loaded: 0)
System memory in use before: 125.0 MB.
System memory in use after: 125.0 MB.

Unloading 19 unused Assets to reduce memory usage. Loaded Objects now: 3104.
Total: 10.358100 ms (FindLiveObjects: 0.855600 ms CreateObjectMapping: 0.366700 ms MarkObjects: 8.873900 ms  DeleteObjects: 0.257600 ms)

AssetImportParameters requested are different than current active one (requested -> active):
  custom:framework-win-MediaFoundation: 216162199b28c13a410421893ffa2e32 -> 
  custom:video-decoder-ogg-theora: a1e56fd34408186e4bbccfd4996cb3dc -> 
  custom:container-muxer-webm: aa71ff27fc2769a1b78a27578f13a17b -> 
  custom:container-demuxer-webm: 4f35f7cbe854078d1ac9338744f61a02 -> 
  custom:container-demuxer-ogg: 62fdf1f143b41e24485cea50d1cbac27 -> 
  custom:video-encoder-webm-vp8: eb34c28f22e8b96e1ab97ce403110664 -> 
  custom:video-decoder-webm-vp8: 9c59270c3fd7afecdb556c50c9e8de78 -> 
  custom:audio-decoder-ogg-vorbis: bf7c407c2cedff20999df2af8eb42d56 -> 
  custom:audio-encoder-webm-vorbis: bf7c407c2cedff20999df2af8eb42d56 -> 
========================================================================
Received Import Request.
  path: Assets/Hieraacy_Color/StartScene
  artifactKey: Guid(395de8b3dc528514fb05eaddda70202f) Importer(815301076,1909f56bfc062723c751e8b465ee728b)
Start importing Assets/Hieraacy_Color/StartScene using Guid(395de8b3dc528514fb05eaddda70202f) Importer(815301076,1909f56bfc062723c751e8b465ee728b)  -> (artifact id: '4b43d824ab29f5dbbe93573af341d568') in 0.089810 seconds 
  Import took 0.336138 seconds .

========================================================================
Received Import Request.
  Time since last request: 0.001085 seconds.
  path: Assets/Hieraacy_Color/StartScene/HierarchyData.asset
  artifactKey: Guid(07967ef7282f1bc4cb6b50d9f9811a0d) Importer(815301076,1909f56bfc062723c751e8b465ee728b)
Start importing Assets/Hieraacy_Color/StartScene/HierarchyData.asset using Guid(07967ef7282f1bc4cb6b50d9f9811a0d) Importer(815301076,1909f56bfc062723c751e8b465ee728b)  -> (artifact id: 'a4d360238387fe45ff50f9ae04bad59a') in 0.186018 seconds 
  Import took 0.271315 seconds .

========================================================================
Received Import Request.
  Time since last request: 227.165897 seconds.
  path: Assets/Scene/StartScene.unity
  artifactKey: Guid(83beda9e2da208740a43e982e2476f7a) Importer(815301076,1909f56bfc062723c751e8b465ee728b)
Start importing Assets/Scene/StartScene.unity using Guid(83beda9e2da208740a43e982e2476f7a) Importer(815301076,1909f56bfc062723c751e8b465ee728b)  -> (artifact id: '23b930bd2062895581624d8db983ca95') in 0.106450 seconds 
  Import took 1.541272 seconds .

========================================================================
Received Import Request.
  Time since last request: 21.308026 seconds.
  path: Assets/Scene/MainMenu.unity
  artifactKey: Guid(17f2cfdd6596cd34ca70172e902cf85a) Importer(815301076,1909f56bfc062723c751e8b465ee728b)
Start importing Assets/Scene/MainMenu.unity using Guid(17f2cfdd6596cd34ca70172e902cf85a) Importer(815301076,1909f56bfc062723c751e8b465ee728b)  -> (artifact id: '7e5d9d0b9ec8a4afc186ecc81a51cdf5') in 0.041140 seconds 
  Import took 0.089969 seconds .

========================================================================
Received Import Request.
  Time since last request: 13.151499 seconds.
  path: Assets/Scene/MainMenu.unity
  artifactKey: Guid(17f2cfdd6596cd34ca70172e902cf85a) Importer(815301076,1909f56bfc062723c751e8b465ee728b)
Start importing Assets/Scene/MainMenu.unity using Guid(17f2cfdd6596cd34ca70172e902cf85a) Importer(815301076,1909f56bfc062723c751e8b465ee728b)  -> (artifact id: '18404e6192d0978e45cc3b4e1172510e') in 0.002290 seconds 
  Import took 0.040333 seconds .

========================================================================
Received Import Request.
  Time since last request: 31.824792 seconds.
  path: Assets/Scene/MainMenu.unity
  artifactKey: Guid(17f2cfdd6596cd34ca70172e902cf85a) Importer(815301076,1909f56bfc062723c751e8b465ee728b)
Start importing Assets/Scene/MainMenu.unity using Guid(17f2cfdd6596cd34ca70172e902cf85a) Importer(815301076,1909f56bfc062723c751e8b465ee728b)  -> (artifact id: '9c1165f1b0672ff0f5d43304599270e7') in 0.002388 seconds 
  Import took 0.266621 seconds .

========================================================================
Received Import Request.
  Time since last request: 1.020588 seconds.
  path: Assets/Scene/MainMenu.unity
  artifactKey: Guid(17f2cfdd6596cd34ca70172e902cf85a) Importer(815301076,1909f56bfc062723c751e8b465ee728b)
Start importing Assets/Scene/MainMenu.unity using Guid(17f2cfdd6596cd34ca70172e902cf85a) Importer(815301076,1909f56bfc062723c751e8b465ee728b)  -> (artifact id: '538b1b9d9e80511bc9c0cbc673ef6aa1') in 0.001679 seconds 
  Import took 0.347548 seconds .

